[main] INFO  project_Name  - Entered Username!!
[main] INFO  project_Name  - Entered Password!!
[main] INFO  project_Name  - Clicked on submit button!!
[main] INFO  project_Name  - Test case pass!!
[main] INFO  project_Name  - User name is provided
[main] INFO  project_Name  - Passsword is provided
[main] INFO  project_Name  - providing customer details....
[main] INFO  project_Name  - validation started....
[main] INFO  project_Name  - test case passed....
[main] INFO  project_Name  - Entered Username!!
[main] INFO  project_Name  - Entered Password!!
[main] INFO  project_Name  - Clicked on submit button!!
[main] INFO  project_Name  - Test case pass!!
[main] INFO  project_Name  - User name is provided
[main] INFO  project_Name  - Passsword is provided
[main] INFO  project_Name  - providing customer details....
[main] INFO  project_Name  - validation started....
[main] INFO  project_Name  - Entered Username!!
[main] INFO  project_Name  - Entered Password!!
[main] INFO  project_Name  - Clicked on submit button!!
[main] INFO  project_Name  - Test case pass!!
[main] INFO  project_Name  - User name is provided
[main] INFO  project_Name  - Passsword is provided
[main] INFO  project_Name  - providing customer details....
[main] INFO  project_Name  - validation started....
[main] INFO  project_Name  - test case failed....
[main] INFO  project_Name  - Entered Username!!
[main] INFO  project_Name  - Entered Password!!
[main] INFO  project_Name  - Clicked on submit button!!
[main] INFO  project_Name  - Test case pass!!
[main] INFO  project_Name  - User name is provided
[main] INFO  project_Name  - Passsword is provided
[main] INFO  project_Name  - providing customer details....
[main] INFO  project_Name  - validation started....
[main] INFO  project_Name  - Entered Username!!
[main] INFO  project_Name  - Entered Password!!
[main] INFO  project_Name  - Clicked on submit button!!
[main] INFO  project_Name  - Test case pass!!
[main] INFO  project_Name  - Entered Username!!
[main] INFO  project_Name  - Entered Password!!
[main] INFO  project_Name  - Clicked on submit button!!
[main] INFO  project_Name  - Test case pass!!
[main] INFO  project_Name  - Entered Username!!
[main] INFO  project_Name  - Entered Password!!
[main] INFO  project_Name  - Clicked on submit button!!
[main] INFO  project_Name  - Test case pass!!
[main] INFO  project_Name  - Entered Username!!
[main] INFO  project_Name  - Entered Password!!
[main] INFO  project_Name  - Clicked on submit button!!
[main] INFO  project_Name  - Test case pass!!
[main] INFO  project_Name  - Entered Username!!
[main] INFO  project_Name  - Entered Password!!
[main] INFO  project_Name  - Clicked on submit button!!
[main] INFO  project_Name  - Test case pass!!
